[debug] [2019-08-20T13:54:59.345Z] ----------------------------------------------------------------------
[debug] [2019-08-20T13:54:59.351Z] Command:       C:\Program Files\nodejs\node.exe C:\Users\User\AppData\Roaming\npm\node_modules\firebase-tools\lib\bin\firebase.js serve
[debug] [2019-08-20T13:54:59.352Z] CLI Version:   7.2.2
[debug] [2019-08-20T13:54:59.352Z] Platform:      win32
[debug] [2019-08-20T13:54:59.352Z] Node Version:  v10.15.3
[debug] [2019-08-20T13:54:59.355Z] Time:          Tue Aug 20 2019 14:54:59 GMT+0100 (British Summer Time)
[debug] [2019-08-20T13:54:59.355Z] ----------------------------------------------------------------------
[debug] 
[debug] [2019-08-20T13:54:59.380Z] > command requires scopes: ["email","openid","https://www.googleapis.com/auth/cloudplatformprojects.readonly","https://www.googleapis.com/auth/firebase","https://www.googleapis.com/auth/cloud-platform"]
[debug] [2019-08-20T13:54:59.382Z] > authorizing via signed-in user
[debug] [2019-08-20T13:54:59.383Z] [iam] checking project scheduleme-website for permissions ["firebase.projects.get"]
[debug] [2019-08-20T13:54:59.388Z] >>> HTTP REQUEST POST https://cloudresourcemanager.googleapis.com/v1/projects/scheduleme-website:testIamPermissions  

[debug] [2019-08-20T13:55:02.367Z] <<< HTTP RESPONSE 200
[debug] [2019-08-20T13:55:02.375Z] >>> HTTP REQUEST GET https://firebase.googleapis.com/v1beta1/projects/scheduleme-website  
 
[debug] [2019-08-20T13:55:03.575Z] <<< HTTP RESPONSE 200
[info] 
[info] === Serving from 'C:\Users\User\Documents\GitHub\scheduleMe'...
[info] 
[debug] [2019-08-20T13:55:03.590Z] >>> HTTP REQUEST GET https://firebase.googleapis.com/v1beta1/projects/scheduleme-website/webApps/-/config  
 
[debug] [2019-08-20T13:55:03.951Z] <<< HTTP RESPONSE 200
[info] i  hosting: Serving hosting files from: public
[info] +  hosting: Local server: http://localhost:5000
